Microsoft (R) Macro Assembler Version 6.14.8444		    06/24/21 23:40:16
asm\ai3.asm						     Page 1 - 1


				COMMENT ! Descripción del programa:
				        Calculadora
				        
				        Autor: Andrés Valenzuela Ramos
				        Fecha: 24/06/2021
				        !
				;DIRECTIVAS de ensmablador por acuerdo se escribiran en MAYUSCULAS y en la primera columna de la izquierda
				.MODEL SMALL
				.586
				.STACK  100h
 0000				.DATA
				        ;variables se definde dentro del .DATA 
 0000 42 69 65 6E 76 65		        Message DB 'Bienvenido!', 13, 10, '$'
       6E 69 64 6F 21 0D
       0A 24
 000E 4F 74 72 6F 20 66		        OtroTipoMsg DB 'Otro forma de cadena',0DH,0ah,'$' 
       6F 72 6D 61 20 64
       65 20 63 61 64 65
       6E 61 0D 0A 24
 0025 0D 0A 45 73 20 75		        Cadena DB 13,10,'Es una cadena de tipo DB = BYTE','$'
       6E 61 20 63 61 64
       65 6E 61 20 64 65
       20 74 69 70 6F 20
       44 42 20 3D 20 42
       59 54 45 24

 0047 5F 5F 5F 5F 5F 5F		        msg1 DB '_____________MENU____________', 0AH,0DH, '$'
       5F 5F 5F 5F 5F 5F
       5F 4D 45 4E 55 5F
       5F 5F 5F 5F 5F 5F
       5F 5F 5F 5F 5F 0A
       0D 24
 0067 31 5D 20 53 75 6D		        msg2 DB '1] Suma                     |', 0AH,0DH, '$'
       61 20 20 20 20 20
       20 20 20 20 20 20
       20 20 20 20 20 20
       20 20 20 20 7C 0A
       0D 24
 0087 32 5D 20 52 65 73		        msg3 DB '2] Resta                    |', 0AH,0DH, '$'
       74 61 20 20 20 20
       20 20 20 20 20 20
       20 20 20 20 20 20
       20 20 20 20 7C 0A
       0D 24
 00A7 33 5D 20 4D 75 6C		        msg4 DB '3] Multiplicacion           |', 0AH,0DH, '$'
       74 69 70 6C 69 63
       61 63 69 6F 6E 20
       20 20 20 20 20 20
       20 20 20 20 7C 0A
       0D 24
 00C7 34 5D 20 44 69 76		        msg5 DB '4] Division                 |', 0AH,0DH, '$'
       69 73 69 6F 6E 20
       20 20 20 20 20 20
       20 20 20 20 20 20
       20 20 20 20 7C 0A
       0D 24
 00E7 35 5D 20 53 61 6C		        msg6 DB '5] Salir                    |', 0AH,0DH, '$'
       69 72 20 20 20 20
       20 20 20 20 20 20
       20 20 20 20 20 20
       20 20 20 20 7C 0A
       0D 24
 0107 5F 5F 5F 5F 5F 5F		        msg7 DB '____________________________|', 0AH,0DH, '$'
       5F 5F 5F 5F 5F 5F
       5F 5F 5F 5F 5F 5F
       5F 5F 5F 5F 5F 5F
       5F 5F 5F 5F 7C 0A
       0D 24
 0127 53 65 6C 65 63 63		        msg8 DB 'Seleccione la opcion', 0AH,0DH, '$'
       69 6F 6E 65 20 6C
       61 20 6F 70 63 69
       6F 6E 0A 0D 24

 013E 0D 0A 49 6E 74 72		        m1 DB 13,10,'Introducir primer numero: $'
       6F 64 75 63 69 72
       20 70 72 69 6D 65
       72 20 6E 75 6D 65
       72 6F 3A 20 24
 015B 0D 0A 49 6E 74 72		        m2 DB 13,10,'Introducir segundo numero: $'
       6F 64 75 63 69 72
       20 73 65 67 75 6E
       64 6F 20 6E 75 6D
       65 72 6F 3A 20 24

 0179 30			        num1 DB '0'
 017A 30			        num2 DB '0'

 017B 4C 61 20 73 75 6D		        msgResultadoSuma DB 'La suma es: ',13,10,'$'
       61 20 65 73 3A 20
       0D 0A 24
 018A 30			        resultadoSuma DB '0'

 018B 4C 61 20 72 65 73		        msgResultadoResta DB 'La resta es:',13,10,'$'
       74 61 20 65 73 3A
       0D 0A 24
 019A 30			        resultadoResta DB '0'

 019B 4C 61 20 6D 75 6C		        msgResultadoMultiplicacion DB 'La multiplicacion es:',13,10,'$'
       74 69 70 6C 69 63
       61 63 69 6F 6E 20
       65 73 3A 0D 0A 24
 01B3 30			        resultadoMultiplicacion DB '0'

 01B4 4C 61 20 64 69 76		        msgResultadoDivision DB 'La division es:',13,10,'$'
       69 73 69 6F 6E 20
       65 73 3A 0D 0A 24
 01C6 30			        resultadoDivision DB '0'

 01C7 0A 0D 24			        saltoLinea DB 10,13,'$'
				        
 0000				.CODE 
				imprimir macro cadena
				    mov ah, 09h
				    mov dx, OFFSET cadena
				    int 21h
				endm
				        .STARTUP ;DIRECTIVA para el inicio de ensamblador
 0010  B8 ---- R		                mov ax, @data
 0013  8E D8			                mov ds, ax

 0015				            menu:
				                imprimir saltoLinea
 0015  B4 09		     1	    mov ah, 09h
 0017  BA 01C7 R	     1	    mov dx, OFFSET saltoLinea
 001A  CD 21		     1	    int 21h
				                ;--------IMPRIMIR MENU
				                imprimir msg1
 001C  B4 09		     1	    mov ah, 09h
 001E  BA 0047 R	     1	    mov dx, OFFSET msg1
 0021  CD 21		     1	    int 21h
				                imprimir msg2
 0023  B4 09		     1	    mov ah, 09h
 0025  BA 0067 R	     1	    mov dx, OFFSET msg2
 0028  CD 21		     1	    int 21h
				                imprimir msg3
 002A  B4 09		     1	    mov ah, 09h
 002C  BA 0087 R	     1	    mov dx, OFFSET msg3
 002F  CD 21		     1	    int 21h
				                imprimir msg4
 0031  B4 09		     1	    mov ah, 09h
 0033  BA 00A7 R	     1	    mov dx, OFFSET msg4
 0036  CD 21		     1	    int 21h
				                imprimir msg5
 0038  B4 09		     1	    mov ah, 09h
 003A  BA 00C7 R	     1	    mov dx, OFFSET msg5
 003D  CD 21		     1	    int 21h
				                imprimir msg6
 003F  B4 09		     1	    mov ah, 09h
 0041  BA 00E7 R	     1	    mov dx, OFFSET msg6
 0044  CD 21		     1	    int 21h
				                imprimir msg7
 0046  B4 09		     1	    mov ah, 09h
 0048  BA 0107 R	     1	    mov dx, OFFSET msg7
 004B  CD 21		     1	    int 21h
				                imprimir msg8
 004D  B4 09		     1	    mov ah, 09h
 004F  BA 0127 R	     1	    mov dx, OFFSET msg8
 0052  CD 21		     1	    int 21h
				                imprimir saltoLinea
 0054  B4 09		     1	    mov ah, 09h
 0056  BA 01C7 R	     1	    mov dx, OFFSET saltoLinea
 0059  CD 21		     1	    int 21h
				                ;---------
				                ;Leer la opcion tecleada
 005B  B4 0D			                mov ah, 0DH ;Esperar a un caracter del usuario
 005D  CD 21			                int 21h
 005F  B4 01			                mov ah, 01h ;Leer que caracter regresó
 0061  CD 21			                int 21h
 0063  3C 31			                cmp al, 31h
 0065  74 16			                je suma
 0067  3C 32			                cmp al, 32h
 0069  74 63			                je resta
 006B  3C 33			                cmp al, 33h
 006D  0F 84 00AE		                je multiplicacion
 0071  3C 34			                cmp al, 34h
 0073  0F 84 00E7		                je division
 0077  3C 35			                cmp al, 35h
 0079  0F 84 0131		                je salir

 007D				            suma:
				                imprimir saltoLinea
 007D  B4 09		     1	    mov ah, 09h
 007F  BA 01C7 R	     1	    mov dx, OFFSET saltoLinea
 0082  CD 21		     1	    int 21h
				                ;---------Mensaje pidiendo que de primer numero
				                imprimir m1
 0084  B4 09		     1	    mov ah, 09h
 0086  BA 013E R	     1	    mov dx, OFFSET m1
 0089  CD 21		     1	    int 21h

				                ;Espera de entrada de usuario y se guarda en al
 008B  B4 01			                MOV AH, 01H
 008D  CD 21			                INT 21H
 008F  2C 30			                SUB AL, 30H
 0091  A2 0179 R		                mov num1, al
 0094  8A 2E 0179 R		                mov ch, num1

				                ;----------Mensaje pidiendo segundo numero
				                imprimir m2
 0098  B4 09		     1	    mov ah, 09h
 009A  BA 015B R	     1	    mov dx, OFFSET m2
 009D  CD 21		     1	    int 21h

				                ;Espera de entrada de usuario y se guarda en al
 009F  B4 01			                MOV AH, 01H
 00A1  CD 21			                INT 21H
 00A3  2C 30			                SUB AL, 30H
 00A5  A2 017A R		                mov num2, al
 00A8  8A 1E 017A R		                mov bl, num2

				                ;Haciendo la suma
 00AC  02 EB			                ADD ch, bl
 00AE  80 C5 30			                ADD ch, 30h
 00B1  88 2E 018A R		                mov resultadoSuma, ch

				                imprimir saltoLinea
 00B5  B4 09		     1	    mov ah, 09h
 00B7  BA 01C7 R	     1	    mov dx, OFFSET saltoLinea
 00BA  CD 21		     1	    int 21h
				                imprimir msgResultadoSuma
 00BC  B4 09		     1	    mov ah, 09h
 00BE  BA 017B R	     1	    mov dx, OFFSET msgResultadoSuma
 00C1  CD 21		     1	    int 21h

 00C3  8A 16 018A R		                mov dl, resultadoSuma
 00C7  B4 02			                mov ah, 02H
 00C9  CD 21			                int 21h
 00CB  E9 FF47			                jmp menu
				            
 00CE				            resta:
				                imprimir saltoLinea
 00CE  B4 09		     1	    mov ah, 09h
 00D0  BA 01C7 R	     1	    mov dx, OFFSET saltoLinea
 00D3  CD 21		     1	    int 21h
				                ;---------Mensaje pidiendo que de primer numero
				                imprimir m1
 00D5  B4 09		     1	    mov ah, 09h
 00D7  BA 013E R	     1	    mov dx, OFFSET m1
 00DA  CD 21		     1	    int 21h

				                ;Espera de entrada de usuario y se guarda en al
 00DC  B4 01			                MOV AH, 01H
 00DE  CD 21			                INT 21H
 00E0  2C 30			                SUB AL, 30H
 00E2  A2 0179 R		                mov num1, al
 00E5  8A 2E 0179 R		                mov ch, num1

				                ;----------Mensaje pidiendo segundo numero
				                imprimir m2
 00E9  B4 09		     1	    mov ah, 09h
 00EB  BA 015B R	     1	    mov dx, OFFSET m2
 00EE  CD 21		     1	    int 21h

				                ;Espera de entrada de usuario y se guarda en al
 00F0  B4 01			                MOV AH, 01H
 00F2  CD 21			                INT 21H
 00F4  2C 30			                SUB AL, 30H
 00F6  A2 017A R		                mov num2, al
 00F9  8A 1E 017A R		                mov bl, num2

				                ;Haciendo la resta
 00FD  2A EB			                SUB ch, bl
 00FF  80 C5 30			                ADD ch, 30h
 0102  88 2E 019A R		                mov resultadoResta, ch

				                imprimir saltoLinea
 0106  B4 09		     1	    mov ah, 09h
 0108  BA 01C7 R	     1	    mov dx, OFFSET saltoLinea
 010B  CD 21		     1	    int 21h
				                imprimir msgResultadoResta
 010D  B4 09		     1	    mov ah, 09h
 010F  BA 018B R	     1	    mov dx, OFFSET msgResultadoResta
 0112  CD 21		     1	    int 21h

 0114  8A 16 019A R		                mov dl, resultadoResta
 0118  B4 02			                mov ah, 02H
 011A  CD 21			                int 21h

 011C  E9 FEF6			                jmp menu

 011F				            multiplicacion:
				                imprimir saltoLinea
 011F  B4 09		     1	    mov ah, 09h
 0121  BA 01C7 R	     1	    mov dx, OFFSET saltoLinea
 0124  CD 21		     1	    int 21h
				                ;---------Mensaje pidiendo que de primer numero
				                imprimir m1
 0126  B4 09		     1	    mov ah, 09h
 0128  BA 013E R	     1	    mov dx, OFFSET m1
 012B  CD 21		     1	    int 21h

				                ;Espera de entrada de usuario y se guarda en al
 012D  B4 01			                MOV AH, 01H
 012F  CD 21			                INT 21H
 0131  2C 30			                SUB AL, 30H
 0133  8A D8			                MOV bl, al

				                ;----------Mensaje pidiendo segundo numero
				                imprimir m2
 0135  B4 09		     1	    mov ah, 09h
 0137  BA 015B R	     1	    mov dx, OFFSET m2
 013A  CD 21		     1	    int 21h

				                ;Espera de entrada de usuario y se guarda en al
 013C  B4 01			                MOV AH, 01H
 013E  CD 21			                INT 21H
 0140  2C 30			                SUB AL, 30H

 0142  F6 E3			                MUL bl

				                imprimir saltoLinea
 0144  B4 09		     1	    mov ah, 09h
 0146  BA 01C7 R	     1	    mov dx, OFFSET saltoLinea
 0149  CD 21		     1	    int 21h
				                imprimir msgResultadoMultiplicacion
 014B  B4 09		     1	    mov ah, 09h
 014D  BA 019B R	     1	    mov dx, OFFSET msgResultadoMultiplicacion
 0150  CD 21		     1	    int 21h

 0152  B4 02			                MOV ah, 2
 0154  8A D0			                MOV dl, al
 0156  80 C2 30			                ADD dl, 30H
 0159  CD 21			                int 21h
				                
				                
 015B  E9 FEB7			                jmp menu


 015E				            division:
				               imprimir saltoLinea
 015E  B4 09		     1	    mov ah, 09h
 0160  BA 01C7 R	     1	    mov dx, OFFSET saltoLinea
 0163  CD 21		     1	    int 21h
				                ;---------Mensaje pidiendo que de primer numero
				                imprimir m1
 0165  B4 09		     1	    mov ah, 09h
 0167  BA 013E R	     1	    mov dx, OFFSET m1
 016A  CD 21		     1	    int 21h

				                ;Espera de entrada de usuario y se guarda en al
 016C  B4 01			                MOV AH, 01H
 016E  CD 21			                INT 21H
 0170  2C 30			                SUB AL, 30H
 0172  A2 0179 R		                MOV num1, al

				                ;----------Mensaje pidiendo segundo numero
				                imprimir m2
 0175  B4 09		     1	    mov ah, 09h
 0177  BA 015B R	     1	    mov dx, OFFSET m2
 017A  CD 21		     1	    int 21h

				                ;Espera de entrada de usuario y se guarda en al
 017C  B4 01			                MOV AH, 01H
 017E  CD 21			                INT 21H
 0180  2C 30			                SUB AL, 30H
 0182  A2 017A R		                MOV num2, al

 0185  25 00FF			                AND AX, 0ffh

 0188  A0 0179 R		                MOV AL, num1
 018B  8A 1E 017A R		                MOV BL, num2
				                
 018F  F6 F3			                DIV bl

 0191  04 30			                ADD AL, 30h
 0193  A2 01C6 R		                MOV resultadoDivision, AL

				                imprimir saltoLinea
 0196  B4 09		     1	    mov ah, 09h
 0198  BA 01C7 R	     1	    mov dx, OFFSET saltoLinea
 019B  CD 21		     1	    int 21h
				                imprimir msgResultadoDivision
 019D  B4 09		     1	    mov ah, 09h
 019F  BA 01B4 R	     1	    mov dx, OFFSET msgResultadoDivision
 01A2  CD 21		     1	    int 21h
				                imprimir resultadoDivision
 01A4  B4 09		     1	    mov ah, 09h
 01A6  BA 01C6 R	     1	    mov dx, OFFSET resultadoDivision
 01A9  CD 21		     1	    int 21h

 01AB  E9 FE67			                jmp menu

 01AE				            salir:
 01AE  B8 4C00			                mov ax, 4c00h
 01B1  CD 21			                int 21h
				        .EXIT ;DIRECTIVA donde terminará el ensablador
				END  
Microsoft (R) Macro Assembler Version 6.14.8444		    06/24/21 23:40:16
asm\ai3.asm						     Symbols 2 - 1




Macros:

                N a m e                 Type

imprimir . . . . . . . . . . . .	Proc


Segments and Groups:

                N a m e                 Size     Length   Align   Combine Class

DGROUP . . . . . . . . . . . . .	GROUP
_DATA  . . . . . . . . . . . . .	16 Bit	 01CA	  Word	  Public  'DATA'	
STACK  . . . . . . . . . . . . .	16 Bit	 0100	  Para	  Stack	  'STACK'	 
_TEXT  . . . . . . . . . . . . .	16 Bit	 01B7	  Word	  Public  'CODE'	


Symbols:

                N a m e                 Type     Value    Attr

@CodeSize  . . . . . . . . . . .	Number	 0000h	 
@DataSize  . . . . . . . . . . .	Number	 0000h	 
@Interface . . . . . . . . . . .	Number	 0000h	 
@Model . . . . . . . . . . . . .	Number	 0002h	 
@Startup . . . . . . . . . . . .	L Near	 0000	  _TEXT	
@code  . . . . . . . . . . . . .	Text   	 _TEXT
@data  . . . . . . . . . . . . .	Text   	 DGROUP
@fardata?  . . . . . . . . . . .	Text   	 FAR_BSS
@fardata . . . . . . . . . . . .	Text   	 FAR_DATA
@stack . . . . . . . . . . . . .	Text   	 DGROUP
Cadena . . . . . . . . . . . . .	Byte	 0025	  _DATA	
Message  . . . . . . . . . . . .	Byte	 0000	  _DATA	
OtroTipoMsg  . . . . . . . . . .	Byte	 000E	  _DATA	
division . . . . . . . . . . . .	L Near	 015E	  _TEXT	
m1 . . . . . . . . . . . . . . .	Byte	 013E	  _DATA	
m2 . . . . . . . . . . . . . . .	Byte	 015B	  _DATA	
menu . . . . . . . . . . . . . .	L Near	 0015	  _TEXT	
msg1 . . . . . . . . . . . . . .	Byte	 0047	  _DATA	
msg2 . . . . . . . . . . . . . .	Byte	 0067	  _DATA	
msg3 . . . . . . . . . . . . . .	Byte	 0087	  _DATA	
msg4 . . . . . . . . . . . . . .	Byte	 00A7	  _DATA	
msg5 . . . . . . . . . . . . . .	Byte	 00C7	  _DATA	
msg6 . . . . . . . . . . . . . .	Byte	 00E7	  _DATA	
msg7 . . . . . . . . . . . . . .	Byte	 0107	  _DATA	
msg8 . . . . . . . . . . . . . .	Byte	 0127	  _DATA	
msgResultadoDivision . . . . . .	Byte	 01B4	  _DATA	
msgResultadoMultiplicacion . . .	Byte	 019B	  _DATA	
msgResultadoResta  . . . . . . .	Byte	 018B	  _DATA	
msgResultadoSuma . . . . . . . .	Byte	 017B	  _DATA	
multiplicacion . . . . . . . . .	L Near	 011F	  _TEXT	
num1 . . . . . . . . . . . . . .	Byte	 0179	  _DATA	
num2 . . . . . . . . . . . . . .	Byte	 017A	  _DATA	
resta  . . . . . . . . . . . . .	L Near	 00CE	  _TEXT	
resultadoDivision  . . . . . . .	Byte	 01C6	  _DATA	
resultadoMultiplicacion  . . . .	Byte	 01B3	  _DATA	
resultadoResta . . . . . . . . .	Byte	 019A	  _DATA	
resultadoSuma  . . . . . . . . .	Byte	 018A	  _DATA	
salir  . . . . . . . . . . . . .	L Near	 01AE	  _TEXT	
saltoLinea . . . . . . . . . . .	Byte	 01C7	  _DATA	
suma . . . . . . . . . . . . . .	L Near	 007D	  _TEXT	

	   0 Warnings
	   0 Errors
