Microsoft (R) Macro Assembler Version 6.14.8444		    05/12/21 23:42:37
asm\prueba.asm						     Page 1 - 1


				.MODEL
asm\prueba.asm(1) : error A2065: expected : memory model
asm\prueba.asm(1) : error A2013: .MODEL must precede this directive

				.STACK
asm\prueba.asm(3) : error A2013: .MODEL must precede this directive

				.DATA
asm\prueba.asm(5) : error A2013: .MODEL must precede this directive

				    mensaje DB 'Bienvenido, a ensamblador', 13, 10, '$'
asm\prueba.asm(7) : error A2034: must be in segment block

				.CODE
asm\prueba.asm(9) : error A2013: .MODEL must precede this directive

				.STARTUP
asm\prueba.asm(11) : error A2034: must be in segment block

				    mov ax, @data
asm\prueba.asm(13) : error A2034: must be in segment block
				    mov ds, ax
asm\prueba.asm(14) : error A2034: must be in segment block

				    mov dx, OFFSET Message
asm\prueba.asm(16) : error A2034: must be in segment block
				    mov ah, 9h
asm\prueba.asm(17) : error A2034: must be in segment block
				    int 21h
asm\prueba.asm(18) : error A2034: must be in segment block

				.EXIT
asm\prueba.asm(20) : error A2034: must be in segment block
				END
Microsoft (R) Macro Assembler Version 6.14.8444		    05/12/21 23:42:37
asm\prueba.asm						     Symbols 2 - 1




Segments and Groups:

                N a m e                 Size     Length   Align   Combine Class

DGROUP . . . . . . . . . . . . .	GROUP


Symbols:

                N a m e                 Type     Value    Attr

@CodeSize  . . . . . . . . . . .	Number	 0000h	 
@DataSize  . . . . . . . . . . .	Number	 0000h	 
@Interface . . . . . . . . . . .	Number	 0000h	 
@Model . . . . . . . . . . . . .	Number	 0000h	 
@code  . . . . . . . . . . . . .	Text   	 _TEXT
@data  . . . . . . . . . . . . .	Text   	 DGROUP
@fardata?  . . . . . . . . . . .	Text   	 FAR_BSS
@fardata . . . . . . . . . . . .	Text   	 FAR_DATA
@stack . . . . . . . . . . . . .	Text   	 DGROUP

	   0 Warnings
	   13 Errors
